2022-06-09 08:23:07,718 WARN com.zaxxer.hikari.pool.HikariPool$HouseKeeper [HikariPool-1 housekeeper] HikariPool-1 - Thread starvation or clock leap detected (housekeeper delta=9h52m48s131ms148µs).
2022-06-09 11:01:35,063 DEBUG org.hibernate.engine.jdbc.spi.SqlStatementLogger [http-nio-8080-exec-8] 
    select
        empleadovo0_.id_empleados as id_emple1_12_,
        empleadovo0_.personasfam as personas2_12_,
        empleadovo0_.dniempleado as dniemple3_12_,
        empleadovo0_.nombreempleado as nombreem4_12_ 
    from
        view_empleado_listado empleadovo0_ 
    where
        upper(empleadovo0_.personasfam) like upper(?) limit ?
2022-06-09 11:01:36,258 WARN org.hibernate.engine.jdbc.spi.SqlExceptionHelper [http-nio-8080-exec-8] SQL Error: 0, SQLState: 42P01
2022-06-09 11:01:36,270 ERROR org.hibernate.engine.jdbc.spi.SqlExceptionHelper [http-nio-8080-exec-8] ERROR: no existe la relación «view_empleado_listado»
  Position: 188
2022-06-09 11:01:43,919 DEBUG org.hibernate.engine.jdbc.spi.SqlStatementLogger [http-nio-8080-exec-10] 
    select
        usuarioent0_.id_usuario as id_usuar1_10_,
        usuarioent0_.clave as clave2_10_,
        usuarioent0_.nombre as nombre3_10_,
        usuarioent0_.usuario as usuario4_10_ 
    from
        usuario usuarioent0_ 
    where
        usuarioent0_.usuario=?
2022-06-09 11:01:43,932 DEBUG org.hibernate.engine.jdbc.spi.SqlStatementLogger [http-nio-8080-exec-10] 
    select
        authoritie0_.usuario_id as usuario_1_11_0_,
        authoritie0_.authority_id as authorit2_11_0_,
        authoritye1_.authority_id as authorit1_0_1_,
        authoritye1_.nombre as nombre2_0_1_ 
    from
        usuario_authority authoritie0_ 
    inner join
        authority authoritye1_ 
            on authoritie0_.authority_id=authoritye1_.authority_id 
    where
        authoritie0_.usuario_id=?
2022-06-09 11:01:53,342 DEBUG org.hibernate.engine.jdbc.spi.SqlStatementLogger [http-nio-8080-exec-1] 
    select
        empleado0_.id as id1_2_,
        empleado0_.id_distrito as id_distr4_2_,
        empleado0_.dni as dni2_2_,
        empleado0_.id_establecimiento as id_estab5_2_,
        empleado0_.nombre as nombre3_2_ 
    from
        empleado empleado0_ 
    where
        empleado0_.dni=?
2022-06-09 11:01:53,348 DEBUG org.hibernate.engine.jdbc.spi.SqlStatementLogger [http-nio-8080-exec-1] 
    select
        distrito0_.id as id1_1_0_,
        distrito0_.nombre as nombre2_1_0_,
        distrito0_.id_provincia as id_provi3_1_0_,
        provincia1_.id as id1_7_1_,
        provincia1_.nombre as nombre2_7_1_,
        provincia1_.id_region as id_regio3_7_1_,
        region2_.id as id1_9_2_,
        region2_.nombre as nombre2_9_2_ 
    from
        distrito distrito0_ 
    left outer join
        provincia provincia1_ 
            on distrito0_.id_provincia=provincia1_.id 
    left outer join
        region region2_ 
            on provincia1_.id_region=region2_.id 
    where
        distrito0_.id=?
2022-06-09 11:01:53,361 DEBUG org.hibernate.engine.jdbc.spi.SqlStatementLogger [http-nio-8080-exec-1] 
    select
        establecim0_.id as id1_3_0_,
        establecim0_.codigo as codigo2_3_0_,
        establecim0_.id_microred as id_micro4_3_0_,
        establecim0_.nombre as nombre3_3_0_,
        microred1_.id as id1_5_1_,
        microred1_.nombre as nombre2_5_1_,
        microred1_.id_redsalud as id_redsa3_5_1_,
        redsalud2_.id as id1_8_2_,
        redsalud2_.nombre as nombre2_8_2_ 
    from
        establecimiento establecim0_ 
    left outer join
        microred microred1_ 
            on establecim0_.id_microred=microred1_.id 
    left outer join
        red_salud redsalud2_ 
            on microred1_.id_redsalud=redsalud2_.id 
    where
        establecim0_.id=?
2022-06-09 11:03:33,990 DEBUG org.hibernate.engine.jdbc.spi.SqlStatementLogger [http-nio-8080-exec-3] 
    select
        empleado0_.id as id1_2_,
        empleado0_.id_distrito as id_distr4_2_,
        empleado0_.dni as dni2_2_,
        empleado0_.id_establecimiento as id_estab5_2_,
        empleado0_.nombre as nombre3_2_ 
    from
        empleado empleado0_ 
    where
        empleado0_.dni=?
2022-06-09 11:03:35,612 DEBUG org.hibernate.engine.jdbc.spi.SqlStatementLogger [http-nio-8080-exec-3] 
    select
        distrito0_.id as id1_1_0_,
        distrito0_.nombre as nombre2_1_0_,
        distrito0_.id_provincia as id_provi3_1_0_,
        provincia1_.id as id1_7_1_,
        provincia1_.nombre as nombre2_7_1_,
        provincia1_.id_region as id_regio3_7_1_,
        region2_.id as id1_9_2_,
        region2_.nombre as nombre2_9_2_ 
    from
        distrito distrito0_ 
    left outer join
        provincia provincia1_ 
            on distrito0_.id_provincia=provincia1_.id 
    left outer join
        region region2_ 
            on provincia1_.id_region=region2_.id 
    where
        distrito0_.id=?
2022-06-09 11:03:35,622 DEBUG org.hibernate.engine.jdbc.spi.SqlStatementLogger [http-nio-8080-exec-3] 
    select
        establecim0_.id as id1_3_0_,
        establecim0_.codigo as codigo2_3_0_,
        establecim0_.id_microred as id_micro4_3_0_,
        establecim0_.nombre as nombre3_3_0_,
        microred1_.id as id1_5_1_,
        microred1_.nombre as nombre2_5_1_,
        microred1_.id_redsalud as id_redsa3_5_1_,
        redsalud2_.id as id1_8_2_,
        redsalud2_.nombre as nombre2_8_2_ 
    from
        establecimiento establecim0_ 
    left outer join
        microred microred1_ 
            on establecim0_.id_microred=microred1_.id 
    left outer join
        red_salud redsalud2_ 
            on microred1_.id_redsalud=redsalud2_.id 
    where
        establecim0_.id=?
2022-06-09 11:21:43,897 DEBUG org.hibernate.engine.jdbc.spi.SqlStatementLogger [http-nio-8080-exec-6] 
    select
        empleado0_.id as id1_2_,
        empleado0_.id_distrito as id_distr4_2_,
        empleado0_.dni as dni2_2_,
        empleado0_.id_establecimiento as id_estab5_2_,
        empleado0_.nombre as nombre3_2_ 
    from
        empleado empleado0_ 
    where
        empleado0_.dni=?
2022-06-09 11:21:43,910 DEBUG org.hibernate.engine.jdbc.spi.SqlStatementLogger [http-nio-8080-exec-6] 
    select
        distrito0_.id as id1_1_0_,
        distrito0_.nombre as nombre2_1_0_,
        distrito0_.id_provincia as id_provi3_1_0_,
        provincia1_.id as id1_7_1_,
        provincia1_.nombre as nombre2_7_1_,
        provincia1_.id_region as id_regio3_7_1_,
        region2_.id as id1_9_2_,
        region2_.nombre as nombre2_9_2_ 
    from
        distrito distrito0_ 
    left outer join
        provincia provincia1_ 
            on distrito0_.id_provincia=provincia1_.id 
    left outer join
        region region2_ 
            on provincia1_.id_region=region2_.id 
    where
        distrito0_.id=?
2022-06-09 11:21:43,918 DEBUG org.hibernate.engine.jdbc.spi.SqlStatementLogger [http-nio-8080-exec-6] 
    select
        establecim0_.id as id1_3_0_,
        establecim0_.codigo as codigo2_3_0_,
        establecim0_.id_microred as id_micro4_3_0_,
        establecim0_.nombre as nombre3_3_0_,
        microred1_.id as id1_5_1_,
        microred1_.nombre as nombre2_5_1_,
        microred1_.id_redsalud as id_redsa3_5_1_,
        redsalud2_.id as id1_8_2_,
        redsalud2_.nombre as nombre2_8_2_ 
    from
        establecimiento establecim0_ 
    left outer join
        microred microred1_ 
            on establecim0_.id_microred=microred1_.id 
    left outer join
        red_salud redsalud2_ 
            on microred1_.id_redsalud=redsalud2_.id 
    where
        establecim0_.id=?
2022-06-09 13:15:22,784 WARN com.zaxxer.hikari.pool.HikariPool$HouseKeeper [HikariPool-1 housekeeper] HikariPool-1 - Thread starvation or clock leap detected (housekeeper delta=7m37s820ms737µs700ns).
2022-06-09 14:01:15,308 WARN com.zaxxer.hikari.pool.HikariPool$HouseKeeper [HikariPool-1 housekeeper] HikariPool-1 - Thread starvation or clock leap detected (housekeeper delta=1m21s708ms899µs900ns).
2022-06-09 19:18:39,070 WARN com.zaxxer.hikari.pool.HikariPool$HouseKeeper [HikariPool-1 housekeeper] HikariPool-1 - Thread starvation or clock leap detected (housekeeper delta=4h32m28s832ms608µs).
2022-06-09 20:42:23,390 WARN com.zaxxer.hikari.pool.HikariPool$HouseKeeper [HikariPool-1 housekeeper] HikariPool-1 - Thread starvation or clock leap detected (housekeeper delta=34m13s62ms473µs200ns).
2022-06-09 22:32:20,069 WARN com.zaxxer.hikari.pool.HikariPool$HouseKeeper [HikariPool-1 housekeeper] HikariPool-1 - Thread starvation or clock leap detected (housekeeper delta=1h4m55s661ms425µs).
