2022-06-17 20:24:13,740 INFO org.springframework.boot.StartupInfoLogger [main] Starting DiresaApplication using Java 1.8.0_131 on DESKTOP-9477U8E with PID 13828 (C:\Users\User\Documents\sistema familiar\back-saludfamiliar\target\classes started by User in C:\Users\User\Documents\sistema familiar\back-saludfamiliar)
2022-06-17 20:24:13,737 INFO org.hibernate.validator.internal.util.Version [background-preinit] HV000001: Hibernate Validator 6.2.2.Final
2022-06-17 20:24:13,743 INFO org.springframework.boot.SpringApplication [main] No active profile set, falling back to 1 default profile: "default"
2022-06-17 20:24:17,814 INFO org.springframework.data.repository.config.RepositoryConfigurationDelegate [main] Bootstrapping Spring Data JPA repositories in DEFAULT mode.
2022-06-17 20:24:18,190 INFO org.springframework.data.repository.config.RepositoryConfigurationDelegate [main] Finished Spring Data repository scanning in 327 ms. Found 6 JPA repository interfaces.
2022-06-17 20:24:20,341 INFO org.springframework.boot.web.embedded.tomcat.TomcatWebServer [main] Tomcat initialized with port(s): 8080 (http)
2022-06-17 20:24:20,374 INFO org.apache.juli.logging.DirectJDKLog [main] Initializing ProtocolHandler ["http-nio-8080"]
2022-06-17 20:24:20,377 INFO org.apache.juli.logging.DirectJDKLog [main] Starting service [Tomcat]
2022-06-17 20:24:20,379 INFO org.apache.juli.logging.DirectJDKLog [main] Starting Servlet engine: [Apache Tomcat/9.0.58]
2022-06-17 20:24:20,756 INFO org.apache.juli.logging.DirectJDKLog [main] Initializing Spring embedded WebApplicationContext
2022-06-17 20:24:20,757 INFO org.springframework.boot.web.servlet.context.ServletWebServerApplicationContext [main] Root WebApplicationContext: initialization completed in 6639 ms
2022-06-17 20:24:21,186 INFO com.zaxxer.hikari.HikariDataSource [main] HikariPool-1 - Starting...
2022-06-17 20:24:23,708 INFO com.zaxxer.hikari.HikariDataSource [main] HikariPool-1 - Start completed.
2022-06-17 20:24:23,843 INFO org.hibernate.jpa.internal.util.LogHelper [main] HHH000204: Processing PersistenceUnitInfo [name: default]
2022-06-17 20:24:23,989 INFO org.hibernate.Version [main] HHH000412: Hibernate ORM core version 5.6.5.Final
2022-06-17 20:24:24,448 INFO org.hibernate.annotations.common.reflection.java.JavaReflectionManager [main] HCANN000001: Hibernate Commons Annotations {5.1.2.Final}
2022-06-17 20:24:24,836 INFO org.hibernate.dialect.Dialect [main] HHH000400: Using dialect: org.hibernate.dialect.PostgreSQL10Dialect
2022-06-17 20:24:27,328 INFO org.hibernate.engine.transaction.jta.platform.internal.JtaPlatformInitiator [main] HHH000490: Using JtaPlatform implementation: [org.hibernate.engine.transaction.jta.platform.internal.NoJtaPlatform]
2022-06-17 20:24:27,359 INFO org.springframework.orm.jpa.AbstractEntityManagerFactoryBean [main] Initialized JPA EntityManagerFactory for persistence unit 'default'
2022-06-17 20:24:29,241 WARN org.springframework.boot.autoconfigure.orm.jpa.JpaBaseConfiguration$JpaWebConfiguration [main] spring.jpa.open-in-view is enabled by default. Therefore, database queries may be performed during view rendering. Explicitly configure spring.jpa.open-in-view to disable this warning
2022-06-17 20:24:29,962 INFO org.springframework.security.web.DefaultSecurityFilterChain [main] Will not secure any request
2022-06-17 20:24:31,683 INFO org.apache.juli.logging.DirectJDKLog [main] Starting ProtocolHandler ["http-nio-8080"]
2022-06-17 20:24:31,757 INFO org.springframework.boot.web.embedded.tomcat.TomcatWebServer [main] Tomcat started on port(s): 8080 (http) with context path '/api-pedidos'
2022-06-17 20:24:31,795 INFO org.springframework.boot.StartupInfoLogger [main] Started DiresaApplication in 18.898 seconds (JVM running for 22.019)
2022-06-17 21:00:02,658 INFO org.apache.juli.logging.DirectJDKLog [http-nio-8080-exec-1] Initializing Spring DispatcherServlet 'dispatcherServlet'
2022-06-17 21:00:02,659 INFO org.springframework.web.servlet.FrameworkServlet [http-nio-8080-exec-1] Initializing Servlet 'dispatcherServlet'
2022-06-17 21:00:02,665 INFO org.springframework.web.servlet.FrameworkServlet [http-nio-8080-exec-1] Completed initialization in 5 ms
2022-06-17 21:06:44,686 INFO org.springframework.orm.jpa.AbstractEntityManagerFactoryBean [SpringApplicationShutdownHook] Closing JPA EntityManagerFactory for persistence unit 'default'
2022-06-17 21:06:44,691 INFO com.zaxxer.hikari.HikariDataSource [SpringApplicationShutdownHook] HikariPool-1 - Shutdown initiated...
2022-06-17 21:06:44,738 INFO com.zaxxer.hikari.HikariDataSource [SpringApplicationShutdownHook] HikariPool-1 - Shutdown completed.
2022-06-17 21:23:59,654 INFO org.springframework.boot.StartupInfoLogger [main] Starting DiresaApplication using Java 1.8.0_131 on DESKTOP-9477U8E with PID 15924 (C:\Users\User\Documents\sistema familiar\back-saludfamiliar\target\classes started by User in C:\Users\User\Documents\sistema familiar\back-saludfamiliar)
2022-06-17 21:23:59,654 INFO org.hibernate.validator.internal.util.Version [background-preinit] HV000001: Hibernate Validator 6.2.2.Final
2022-06-17 21:23:59,659 INFO org.springframework.boot.SpringApplication [main] No active profile set, falling back to 1 default profile: "default"
2022-06-17 21:24:00,958 INFO org.springframework.data.repository.config.RepositoryConfigurationDelegate [main] Bootstrapping Spring Data JPA repositories in DEFAULT mode.
2022-06-17 21:24:01,326 INFO org.springframework.data.repository.config.RepositoryConfigurationDelegate [main] Finished Spring Data repository scanning in 326 ms. Found 6 JPA repository interfaces.
2022-06-17 21:24:03,346 INFO org.springframework.boot.web.embedded.tomcat.TomcatWebServer [main] Tomcat initialized with port(s): 8080 (http)
2022-06-17 21:24:03,386 INFO org.apache.juli.logging.DirectJDKLog [main] Initializing ProtocolHandler ["http-nio-8080"]
2022-06-17 21:24:03,389 INFO org.apache.juli.logging.DirectJDKLog [main] Starting service [Tomcat]
2022-06-17 21:24:03,392 INFO org.apache.juli.logging.DirectJDKLog [main] Starting Servlet engine: [Apache Tomcat/9.0.58]
2022-06-17 21:24:03,738 INFO org.apache.juli.logging.DirectJDKLog [main] Initializing Spring embedded WebApplicationContext
2022-06-17 21:24:03,739 INFO org.springframework.boot.web.servlet.context.ServletWebServerApplicationContext [main] Root WebApplicationContext: initialization completed in 4013 ms
2022-06-17 21:24:04,158 INFO com.zaxxer.hikari.HikariDataSource [main] HikariPool-1 - Starting...
2022-06-17 21:24:06,632 INFO com.zaxxer.hikari.HikariDataSource [main] HikariPool-1 - Start completed.
2022-06-17 21:24:06,717 INFO org.hibernate.jpa.internal.util.LogHelper [main] HHH000204: Processing PersistenceUnitInfo [name: default]
2022-06-17 21:24:06,792 INFO org.hibernate.Version [main] HHH000412: Hibernate ORM core version 5.6.5.Final
2022-06-17 21:24:07,044 INFO org.hibernate.annotations.common.reflection.java.JavaReflectionManager [main] HCANN000001: Hibernate Commons Annotations {5.1.2.Final}
2022-06-17 21:24:07,298 INFO org.hibernate.dialect.Dialect [main] HHH000400: Using dialect: org.hibernate.dialect.PostgreSQL10Dialect
2022-06-17 21:24:09,970 INFO org.hibernate.engine.transaction.jta.platform.internal.JtaPlatformInitiator [main] HHH000490: Using JtaPlatform implementation: [org.hibernate.engine.transaction.jta.platform.internal.NoJtaPlatform]
2022-06-17 21:24:10,014 INFO org.springframework.orm.jpa.AbstractEntityManagerFactoryBean [main] Initialized JPA EntityManagerFactory for persistence unit 'default'
2022-06-17 21:24:11,755 WARN org.springframework.boot.autoconfigure.orm.jpa.JpaBaseConfiguration$JpaWebConfiguration [main] spring.jpa.open-in-view is enabled by default. Therefore, database queries may be performed during view rendering. Explicitly configure spring.jpa.open-in-view to disable this warning
2022-06-17 21:24:12,183 INFO org.springframework.security.web.DefaultSecurityFilterChain [main] Will not secure any request
2022-06-17 21:24:13,586 INFO org.apache.juli.logging.DirectJDKLog [main] Starting ProtocolHandler ["http-nio-8080"]
2022-06-17 21:24:13,666 INFO org.springframework.boot.web.embedded.tomcat.TomcatWebServer [main] Tomcat started on port(s): 8080 (http) with context path '/api-pedidos'
2022-06-17 21:24:13,717 INFO org.springframework.boot.StartupInfoLogger [main] Started DiresaApplication in 14.929 seconds (JVM running for 16.859)
2022-06-17 21:54:02,331 INFO org.apache.juli.logging.DirectJDKLog [http-nio-8080-exec-1] Initializing Spring DispatcherServlet 'dispatcherServlet'
2022-06-17 21:54:02,333 INFO org.springframework.web.servlet.FrameworkServlet [http-nio-8080-exec-1] Initializing Servlet 'dispatcherServlet'
2022-06-17 21:54:02,338 INFO org.springframework.web.servlet.FrameworkServlet [http-nio-8080-exec-1] Completed initialization in 4 ms
2022-06-17 21:57:22,229 DEBUG org.hibernate.engine.jdbc.spi.SqlStatementLogger [http-nio-8080-exec-4] 
    select
        usuarioent0_.id_usuario as id_usuar1_10_,
        usuarioent0_.clave as clave2_10_,
        usuarioent0_.nombre as nombre3_10_,
        usuarioent0_.usuario as usuario4_10_ 
    from
        usuario usuarioent0_ 
    where
        usuarioent0_.usuario=?
2022-06-17 21:57:22,266 DEBUG org.hibernate.engine.jdbc.spi.SqlStatementLogger [http-nio-8080-exec-4] 
    select
        authoritie0_.usuario_id as usuario_1_11_0_,
        authoritie0_.authority_id as authorit2_11_0_,
        authoritye1_.authority_id as authorit1_0_1_,
        authoritye1_.nombre as nombre2_0_1_ 
    from
        usuario_authority authoritie0_ 
    inner join
        authority authoritye1_ 
            on authoritie0_.authority_id=authoritye1_.authority_id 
    where
        authoritie0_.usuario_id=?
2022-06-17 21:57:44,166 DEBUG org.hibernate.engine.jdbc.spi.SqlStatementLogger [http-nio-8080-exec-6] 
    select
        empleado0_.id as id1_2_,
        empleado0_.id_distrito as id_distr4_2_,
        empleado0_.dni as dni2_2_,
        empleado0_.id_establecimiento as id_estab5_2_,
        empleado0_.nombre as nombre3_2_ 
    from
        empleado empleado0_ 
    where
        empleado0_.dni=?
2022-06-17 21:57:44,172 DEBUG org.hibernate.engine.jdbc.spi.SqlStatementLogger [http-nio-8080-exec-6] 
    select
        distrito0_.id as id1_1_0_,
        distrito0_.nombre as nombre2_1_0_,
        distrito0_.id_provincia as id_provi3_1_0_,
        provincia1_.id as id1_7_1_,
        provincia1_.nombre as nombre2_7_1_,
        provincia1_.id_region as id_regio3_7_1_,
        region2_.id as id1_9_2_,
        region2_.nombre as nombre2_9_2_ 
    from
        distrito distrito0_ 
    left outer join
        provincia provincia1_ 
            on distrito0_.id_provincia=provincia1_.id 
    left outer join
        region region2_ 
            on provincia1_.id_region=region2_.id 
    where
        distrito0_.id=?
2022-06-17 21:57:44,178 DEBUG org.hibernate.engine.jdbc.spi.SqlStatementLogger [http-nio-8080-exec-6] 
    select
        establecim0_.id as id1_3_0_,
        establecim0_.codigo as codigo2_3_0_,
        establecim0_.id_microred as id_micro4_3_0_,
        establecim0_.nombre as nombre3_3_0_,
        microred1_.id as id1_5_1_,
        microred1_.nombre as nombre2_5_1_,
        microred1_.id_redsalud as id_redsa3_5_1_,
        redsalud2_.id as id1_8_2_,
        redsalud2_.nombre as nombre2_8_2_ 
    from
        establecimiento establecim0_ 
    left outer join
        microred microred1_ 
            on establecim0_.id_microred=microred1_.id 
    left outer join
        red_salud redsalud2_ 
            on microred1_.id_redsalud=redsalud2_.id 
    where
        establecim0_.id=?
2022-06-17 21:58:17,487 DEBUG org.hibernate.engine.jdbc.spi.SqlStatementLogger [http-nio-8080-exec-7] 
    select
        empleado0_.id as id1_2_,
        empleado0_.id_distrito as id_distr4_2_,
        empleado0_.dni as dni2_2_,
        empleado0_.id_establecimiento as id_estab5_2_,
        empleado0_.nombre as nombre3_2_ 
    from
        empleado empleado0_ 
    where
        empleado0_.dni=?
2022-06-17 21:58:17,490 DEBUG org.hibernate.engine.jdbc.spi.SqlStatementLogger [http-nio-8080-exec-7] 
    select
        distrito0_.id as id1_1_0_,
        distrito0_.nombre as nombre2_1_0_,
        distrito0_.id_provincia as id_provi3_1_0_,
        provincia1_.id as id1_7_1_,
        provincia1_.nombre as nombre2_7_1_,
        provincia1_.id_region as id_regio3_7_1_,
        region2_.id as id1_9_2_,
        region2_.nombre as nombre2_9_2_ 
    from
        distrito distrito0_ 
    left outer join
        provincia provincia1_ 
            on distrito0_.id_provincia=provincia1_.id 
    left outer join
        region region2_ 
            on provincia1_.id_region=region2_.id 
    where
        distrito0_.id=?
2022-06-17 21:58:17,494 DEBUG org.hibernate.engine.jdbc.spi.SqlStatementLogger [http-nio-8080-exec-7] 
    select
        establecim0_.id as id1_3_0_,
        establecim0_.codigo as codigo2_3_0_,
        establecim0_.id_microred as id_micro4_3_0_,
        establecim0_.nombre as nombre3_3_0_,
        microred1_.id as id1_5_1_,
        microred1_.nombre as nombre2_5_1_,
        microred1_.id_redsalud as id_redsa3_5_1_,
        redsalud2_.id as id1_8_2_,
        redsalud2_.nombre as nombre2_8_2_ 
    from
        establecimiento establecim0_ 
    left outer join
        microred microred1_ 
            on establecim0_.id_microred=microred1_.id 
    left outer join
        red_salud redsalud2_ 
            on microred1_.id_redsalud=redsalud2_.id 
    where
        establecim0_.id=?
2022-06-17 21:58:56,913 DEBUG org.hibernate.engine.jdbc.spi.SqlStatementLogger [http-nio-8080-exec-9] 
    select
        empleado0_.id as id1_2_,
        empleado0_.id_distrito as id_distr4_2_,
        empleado0_.dni as dni2_2_,
        empleado0_.id_establecimiento as id_estab5_2_,
        empleado0_.nombre as nombre3_2_ 
    from
        empleado empleado0_ 
    where
        empleado0_.dni=?
2022-06-17 22:08:49,873 DEBUG org.hibernate.engine.jdbc.spi.SqlStatementLogger [http-nio-8080-exec-2] 
    insert 
    into
        empleado
        (id_distrito, dni, id_establecimiento, nombre) 
    values
        (?, ?, ?, ?)
2022-06-17 22:09:39,183 DEBUG org.hibernate.engine.jdbc.spi.SqlStatementLogger [http-nio-8080-exec-3] 
    insert 
    into
        empleado
        (id_distrito, dni, id_establecimiento, nombre) 
    values
        (?, ?, ?, ?)
2022-06-17 22:10:14,552 DEBUG org.hibernate.engine.jdbc.spi.SqlStatementLogger [http-nio-8080-exec-5] 
    select
        familia0_.id as id1_4_,
        familia0_.asentamiento_humano as asentami2_4_,
        familia0_.direccion as direccio3_4_,
        familia0_.fecha_creacion as fecha_cr4_4_,
        familia0_.lote as lote5_4_,
        familia0_.manzana as manzana6_4_,
        familia0_.nombre as nombre7_4_,
        familia0_.numero_historia as numero_h8_4_,
        familia0_.referencia as referenc9_4_,
        familia0_.sub_sector as sub_sec10_4_,
        familia0_.telefono as telefon11_4_,
        familia0_.id_titular as id_titu12_4_ 
    from
        familia familia0_ 
    where
        upper(familia0_.nombre) like upper(?) limit ?
2022-06-17 22:10:14,563 DEBUG org.hibernate.engine.jdbc.spi.SqlStatementLogger [http-nio-8080-exec-5] 
    select
        empleado0_.id as id1_2_0_,
        empleado0_.id_distrito as id_distr4_2_0_,
        empleado0_.dni as dni2_2_0_,
        empleado0_.id_establecimiento as id_estab5_2_0_,
        empleado0_.nombre as nombre3_2_0_,
        distrito1_.id as id1_1_1_,
        distrito1_.nombre as nombre2_1_1_,
        distrito1_.id_provincia as id_provi3_1_1_,
        provincia2_.id as id1_7_2_,
        provincia2_.nombre as nombre2_7_2_,
        provincia2_.id_region as id_regio3_7_2_,
        region3_.id as id1_9_3_,
        region3_.nombre as nombre2_9_3_,
        establecim4_.id as id1_3_4_,
        establecim4_.codigo as codigo2_3_4_,
        establecim4_.id_microred as id_micro4_3_4_,
        establecim4_.nombre as nombre3_3_4_,
        microred5_.id as id1_5_5_,
        microred5_.nombre as nombre2_5_5_,
        microred5_.id_redsalud as id_redsa3_5_5_,
        redsalud6_.id as id1_8_6_,
        redsalud6_.nombre as nombre2_8_6_ 
    from
        empleado empleado0_ 
    left outer join
        distrito distrito1_ 
            on empleado0_.id_distrito=distrito1_.id 
    left outer join
        provincia provincia2_ 
            on distrito1_.id_provincia=provincia2_.id 
    left outer join
        region region3_ 
            on provincia2_.id_region=region3_.id 
    left outer join
        establecimiento establecim4_ 
            on empleado0_.id_establecimiento=establecim4_.id 
    left outer join
        microred microred5_ 
            on establecim4_.id_microred=microred5_.id 
    left outer join
        red_salud redsalud6_ 
            on microred5_.id_redsalud=redsalud6_.id 
    where
        empleado0_.id=?
2022-06-17 23:05:45,312 INFO org.springframework.orm.jpa.AbstractEntityManagerFactoryBean [SpringApplicationShutdownHook] Closing JPA EntityManagerFactory for persistence unit 'default'
2022-06-17 23:05:45,322 INFO com.zaxxer.hikari.HikariDataSource [SpringApplicationShutdownHook] HikariPool-1 - Shutdown initiated...
2022-06-17 23:05:45,364 INFO com.zaxxer.hikari.HikariDataSource [SpringApplicationShutdownHook] HikariPool-1 - Shutdown completed.
